<?xml version="1.0" encoding="UTF-8"?>
<!-- Generated by org.testng.reporters.JUnitXMLReporter -->
<testsuite hostname="DESKTOP-3SCMDIA" ignored="0" name="AndroidTestLyf" tests="1" failures="1" timestamp="11 Apr 2018 11:20:21 GMT" time="5.934" errors="0">
  <testcase name="MyTestScenario" time="5.894" classname="USER_SPACE.TestScripts.M1.TC_CreateLead">
    <failure type="java.lang.NullPointerException">
      <![CDATA[java.lang.NullPointerException
at SOURCE_CODE.MemberOfField.SelectFromLookup(MemberOfField.java:1723)
at USER_SPACE.TestScripts.M1.TC_CreateLead.MyTestScenario(TC_CreateLead.java:38)
at java.util.concurrent.FutureTask.run(FutureTask.java:266)
at java.util.concurrent.ThreadPoolExecutor.runWorker(ThreadPoolExecutor.java:1149)
at java.util.concurrent.ThreadPoolExecutor$Worker.run(ThreadPoolExecutor.java:624)
at java.lang.Thread.run(Thread.java:748)
... Removed 16 stack frames]]>
    </failure>
  </testcase> <!-- MyTestScenario -->
</testsuite> <!-- AndroidTestLyf -->
