<?xml version="1.0" encoding="UTF-8"?>
<!-- Generated by org.testng.reporters.JUnitXMLReporter -->
<testsuite hostname="DESKTOP-3SCMDIA" ignored="0" name="ChromeTest" tests="3" failures="0" timestamp="23 Mar 2018 04:35:54 GMT" time="56.105" errors="0">
  <testcase name="MyTestScenario" time="44.901" classname="USER_SPACE.TestScripts.M1.TC03"/>
  <testcase name="MyTestScenario" time="53.512" classname="USER_SPACE.TestScripts.M1.TC02"/>
  <testcase name="MyTestScenario" time="56.099" classname="USER_SPACE.TestScripts.M1.TC01"/>
</testsuite> <!-- ChromeTest -->
