<?xml version="1.0" encoding="UTF-8"?>
<!-- Generated by org.testng.reporters.JUnitXMLReporter -->
<testsuite hostname="DESKTOP-3SCMDIA" ignored="0" name="ChromeTest2" tests="1" failures="0" timestamp="23 Mar 2018 16:43:07 GMT" time="69.085" errors="0">
  <testcase name="@AfterClass CloseBrowser" time="0.0" classname="USER_SPACE.TestScripts.M1.TC_CreateOpportunity">
    <failure type="org.testng.TestNGException" message="
Can inject only one of &amp;lt;ITestContext, XmlTest&amp;gt; into a @AfterClass annotated CloseBrowser.
For more information on native dependency injection please refer to http://testng.org/doc/documentation-main.html#native-dependency-injection">
      <![CDATA[org.testng.TestNGException: 
Can inject only one of <ITestContext, XmlTest> into a @AfterClass annotated CloseBrowser.
For more information on native dependency injection please refer to http://testng.org/doc/documentation-main.html#native-dependency-injection
at java.util.concurrent.FutureTask.run(FutureTask.java:266)
at java.util.concurrent.ThreadPoolExecutor.runWorker(ThreadPoolExecutor.java:1149)
at java.util.concurrent.ThreadPoolExecutor$Worker.run(ThreadPoolExecutor.java:624)
at java.lang.Thread.run(Thread.java:748)
... Removed 14 stack frames]]>
    </failure>
  </testcase> <!-- @AfterClass CloseBrowser -->
  <testcase name="MyTestScenario" time="69.082" classname="USER_SPACE.TestScripts.M1.TC_CreateOpportunity"/>
</testsuite> <!-- ChromeTest2 -->
