<?xml version="1.0" encoding="UTF-8"?>
<!-- Generated by org.testng.reporters.JUnitXMLReporter -->
<testsuite hostname="DESKTOP-3SCMDIA" ignored="0" name="ChromeTest" tests="3" failures="0" timestamp="17 Mar 2018 15:05:05 GMT" time="32.947" errors="0">
  <testcase name="MyTestScenario" time="32.456" classname="USER_SPACE.TestScripts.M1.TC03"/>
  <testcase name="MyTestScenario" time="32.822" classname="USER_SPACE.TestScripts.M1.TC01"/>
  <testcase name="MyTestScenario" time="32.943" classname="USER_SPACE.TestScripts.M1.TC02"/>
</testsuite> <!-- ChromeTest -->
