<?xml version="1.0" encoding="UTF-8"?>
<!-- Generated by org.testng.reporters.JUnitXMLReporter -->
<testsuite hostname="DESKTOP-3SCMDIA" ignored="0" name="FirefoxTest" tests="3" failures="0" timestamp="26 Mar 2018 05:27:00 GMT" time="122.181" errors="0">
  <testcase name="MyTestScenario" time="49.594" classname="USER_SPACE.TestScripts.M1.TC_CreateLead"/>
  <testcase name="MyTestScenario" time="40.024" classname="USER_SPACE.TestScripts.M1.TC_CreateAccount"/>
  <testcase name="MyTestScenario" time="32.511" classname="USER_SPACE.TestScripts.M1.TC_CreateOpportunity"/>
</testsuite> <!-- FirefoxTest -->
