<?xml version="1.0" encoding="UTF-8"?>
<!-- Generated by org.testng.reporters.JUnitXMLReporter -->
<testsuite hostname="DESKTOP-3SCMDIA" ignored="0" name="FirefoxTest" tests="3" failures="0" timestamp="23 Mar 2018 04:37:27 GMT" time="93.866" errors="0">
  <testcase name="MyTestScenario" time="74.01" classname="USER_SPACE.TestScripts.M1.TC02"/>
  <testcase name="MyTestScenario" time="81.32" classname="USER_SPACE.TestScripts.M1.TC01"/>
  <testcase name="MyTestScenario" time="93.855" classname="USER_SPACE.TestScripts.M1.TC03"/>
</testsuite> <!-- FirefoxTest -->
