<?xml version="1.0" encoding="UTF-8"?>
<!-- Generated by org.testng.reporters.JUnitXMLReporter -->
<testsuite hostname="DESKTOP-3SCMDIA" ignored="0" name="IETest" tests="3" failures="0" timestamp="23 Mar 2018 07:47:38 GMT" time="36.783" errors="0">
  <testcase name="MyTestScenario" time="32.649" classname="USER_SPACE.TestScripts.M1.TC03"/>
  <testcase name="MyTestScenario" time="35.073" classname="USER_SPACE.TestScripts.M1.TC02"/>
  <testcase name="MyTestScenario" time="36.752" classname="USER_SPACE.TestScripts.M1.TC01"/>
</testsuite> <!-- IETest -->
