<?xml version="1.0" encoding="UTF-8"?>
<!-- Generated by org.testng.reporters.JUnitXMLReporter -->
<testsuite hostname="DESKTOP-3SCMDIA" ignored="0" name="IETest" tests="3" failures="0" timestamp="17 Mar 2018 15:04:32 GMT" time="26.702" errors="0">
  <testcase name="MyTestScenario" time="25.243" classname="USER_SPACE.TestScripts.M1.TC01"/>
  <testcase name="MyTestScenario" time="26.179" classname="USER_SPACE.TestScripts.M1.TC03"/>
  <testcase name="MyTestScenario" time="26.644" classname="USER_SPACE.TestScripts.M1.TC02"/>
</testsuite> <!-- IETest -->
